<?xml version="1.0" encoding="UTF-8"?>
<!-- Generated by org.testng.reporters.JUnitReportReporter -->
<testsuite hostname="LAPTOP-8HA05GNL" failures="0" tests="1" name="WEBSITE.futuralabs" time="3.556" errors="0" timestamp="2024-07-01T15:21:26 IST" skipped="0">
  <testcase classname="WEBSITE.futuralabs" name="cls" time="3.556"/>
</testsuite> <!-- WEBSITE.futuralabs -->
